Temp/gradleOut/unityLibrary/build/intermediates/manifest_merge_blame_file/release/manifest-merger-blame-release-report.txt
1<?xml version="1.0" encoding="utf-8"?>
2<!-- GENERATED BY UNITY. REMOVE THIS COMMENT TO PREVENT OVERWRITING WHEN EXPORTING AGAIN -->
3<manifest xmlns:android="http://schemas.android.com/apk/res/android"
4    xmlns:tools="http://schemas.android.com/tools"
5    package="com.unity3d.player"
6    android:versionCode="1"
7    android:versionName="0.1" >
8
9    <uses-sdk
10        android:minSdkVersion="19"
10-->src\main\AndroidManifest.xml
11        android:targetSdkVersion="31" />
11-->src\main\AndroidManifest.xml
12
13    <uses-feature android:glEsVersion="0x00020000" />
13-->src\main\AndroidManifest.xml:19:3-52
13-->src\main\AndroidManifest.xml:19:17-49
14
15    <uses-permission android:name="android.permission.INTERNET" />
15-->src\main\AndroidManifest.xml:20:3-65
15-->src\main\AndroidManifest.xml:20:20-62
16    <uses-permission android:name="android.permission.ACCESS_FINE_LOCATION" />
16-->src\main\AndroidManifest.xml:21:3-77
16-->src\main\AndroidManifest.xml:21:20-74
17
18    <uses-feature
18-->src\main\AndroidManifest.xml:22:3-89
19        android:name="android.hardware.location.gps"
19-->src\main\AndroidManifest.xml:22:17-61
20        android:required="false" />
20-->src\main\AndroidManifest.xml:22:62-86
21    <uses-feature
21-->src\main\AndroidManifest.xml:23:3-85
22        android:name="android.hardware.location"
22-->src\main\AndroidManifest.xml:23:17-57
23        android:required="false" />
23-->src\main\AndroidManifest.xml:23:58-82
24
25    <uses-permission android:name="android.permission.CAMERA" />
25-->src\main\AndroidManifest.xml:24:3-63
25-->src\main\AndroidManifest.xml:24:20-60
26
27    <uses-feature
27-->src\main\AndroidManifest.xml:25:3-83
28        android:name="android.hardware.camera"
28-->src\main\AndroidManifest.xml:25:17-55
29        android:required="false" />
29-->src\main\AndroidManifest.xml:25:56-80
30    <uses-feature
30-->src\main\AndroidManifest.xml:26:3-93
31        android:name="android.hardware.camera.autofocus"
31-->src\main\AndroidManifest.xml:26:17-65
32        android:required="false" />
32-->src\main\AndroidManifest.xml:26:66-90
33    <uses-feature
33-->src\main\AndroidManifest.xml:27:3-89
34        android:name="android.hardware.camera.front"
34-->src\main\AndroidManifest.xml:27:17-61
35        android:required="false" />
35-->src\main\AndroidManifest.xml:27:62-86
36    <uses-feature
36-->src\main\AndroidManifest.xml:28:3-88
37        android:name="android.hardware.touchscreen"
37-->src\main\AndroidManifest.xml:28:17-60
38        android:required="false" />
38-->src\main\AndroidManifest.xml:28:61-85
39    <uses-feature
39-->src\main\AndroidManifest.xml:29:3-99
40        android:name="android.hardware.touchscreen.multitouch"
40-->src\main\AndroidManifest.xml:29:17-71
41        android:required="false" />
41-->src\main\AndroidManifest.xml:29:72-96
42    <uses-feature
42-->src\main\AndroidManifest.xml:30:3-108
43        android:name="android.hardware.touchscreen.multitouch.distinct"
43-->src\main\AndroidManifest.xml:30:17-80
44        android:required="false" />
44-->src\main\AndroidManifest.xml:30:81-105
45
46    <application>
46-->src\main\AndroidManifest.xml:4:3-18:17
47        <activity
47-->src\main\AndroidManifest.xml:5:5-12:16
48            android:name="com.unity3d.player.UnityPlayerActivity"
48-->src\main\AndroidManifest.xml:5:15-68
49            android:configChanges="mcc|mnc|locale|touchscreen|keyboard|keyboardHidden|navigation|orientation|screenLayout|uiMode|screenSize|smallestScreenSize|fontScale|layoutDirection|density"
49-->src\main\AndroidManifest.xml:5:182-363
50            android:hardwareAccelerated="false"
50-->src\main\AndroidManifest.xml:5:399-434
51            android:launchMode="singleTask"
51-->src\main\AndroidManifest.xml:5:150-181
52            android:resizeableActivity="false"
52-->src\main\AndroidManifest.xml:5:364-398
53            android:screenOrientation="fullSensor"
53-->src\main\AndroidManifest.xml:5:111-149
54            android:theme="@style/UnityThemeSelector" >
54-->src\main\AndroidManifest.xml:5:69-110
55            <intent-filter>
55-->src\main\AndroidManifest.xml:6:7-9:23
56                <action android:name="android.intent.action.MAIN" />
56-->src\main\AndroidManifest.xml:7:9-61
56-->src\main\AndroidManifest.xml:7:17-58
57
58                <category android:name="android.intent.category.LAUNCHER" />
58-->src\main\AndroidManifest.xml:8:9-69
58-->src\main\AndroidManifest.xml:8:19-66
59            </intent-filter>
60
61            <meta-data
61-->src\main\AndroidManifest.xml:10:7-82
62                android:name="unityplayer.UnityActivity"
62-->src\main\AndroidManifest.xml:10:18-58
63                android:value="true" />
63-->src\main\AndroidManifest.xml:10:59-79
64            <meta-data
64-->src\main\AndroidManifest.xml:11:7-78
65                android:name="android.notch_support"
65-->src\main\AndroidManifest.xml:11:18-54
66                android:value="true" />
66-->src\main\AndroidManifest.xml:11:55-75
67        </activity>
68
69        <meta-data
69-->src\main\AndroidManifest.xml:13:5-69
70            android:name="unity.splash-mode"
70-->src\main\AndroidManifest.xml:13:16-48
71            android:value="0" />
71-->src\main\AndroidManifest.xml:13:49-66
72        <meta-data
72-->src\main\AndroidManifest.xml:14:5-74
73            android:name="unity.splash-enable"
73-->src\main\AndroidManifest.xml:14:16-50
74            android:value="True" />
74-->src\main\AndroidManifest.xml:14:51-71
75        <meta-data
75-->src\main\AndroidManifest.xml:15:5-84
76            android:name="unity.allow-resizable-window"
76-->src\main\AndroidManifest.xml:15:16-59
77            android:value="False" />
77-->src\main\AndroidManifest.xml:15:60-81
78        <meta-data
78-->src\main\AndroidManifest.xml:16:5-81
79            android:name="notch.config"
79-->src\main\AndroidManifest.xml:16:16-43
80            android:value="portrait|landscape" />
80-->src\main\AndroidManifest.xml:16:44-78
81        <meta-data
81-->src\main\AndroidManifest.xml:17:5-101
82            android:name="unity.build-id"
82-->src\main\AndroidManifest.xml:17:16-45
83            android:value="c322e386-f597-4918-b268-192e09663093" />
83-->src\main\AndroidManifest.xml:17:46-98
84    </application>
85
86</manifest>